<?xml version="1.0" encoding="UTF-8"?>
<!-- Generated by org.testng.reporters.JUnitReportReporter -->
<testsuite hostname="Oviya" failures="0" tests="2" name="com.programs.JavaMultiplePrograms" time="0.015" errors="0" timestamp="2024-01-22T01:20:15 IST" skipped="0">
  <testcase classname="com.programs.JavaMultiplePrograms" name="ReverseString" time="0.011"/>
  <testcase classname="com.programs.JavaMultiplePrograms" name="swapTwoString" time="0.004"/>
</testsuite> <!-- com.programs.JavaMultiplePrograms -->
