<?xml version="1.0" encoding="UTF-8"?>
<!-- Generated by org.testng.reporters.JUnitReportReporter -->
<testsuite hostname="Oviya" failures="0" tests="2" name="com.interview.java.XpathTest" time="12.241" errors="0" timestamp="2024-12-07T00:36:10 IST" skipped="0">
  <testcase classname="com.interview.java.XpathTest" name="ZAmazon" time="7.291"/>
  <testcase classname="com.interview.java.XpathTest" name="NewStatus" time="4.950"/>
</testsuite> <!-- com.interview.java.XpathTest -->
