<?xml version="1.0" encoding="UTF-8"?>
<!-- Generated by org.testng.reporters.JUnitReportReporter -->
<testsuite hostname="Oviya" failures="0" tests="11" name="com.string.PrintNameWithoutLoop" time="0.024" errors="0" timestamp="2024-05-27T18:16:55 IST" skipped="0">
  <testcase classname="com.string.PrintNameWithoutLoop" name="printNames" time="0.008"/>
  <testcase classname="com.string.PrintNameWithoutLoop" name="getPrint" time="0.001"/>
  <testcase classname="com.string.PrintNameWithoutLoop" name="getPrint" time="0.000"/>
  <testcase classname="com.string.PrintNameWithoutLoop" name="getPrint" time="0.007"/>
  <testcase classname="com.string.PrintNameWithoutLoop" name="getPrint" time="0.000"/>
  <testcase classname="com.string.PrintNameWithoutLoop" name="getPrint" time="0.001"/>
  <testcase classname="com.string.PrintNameWithoutLoop" name="getPrint" time="0.001"/>
  <testcase classname="com.string.PrintNameWithoutLoop" name="getPrint" time="0.001"/>
  <testcase classname="com.string.PrintNameWithoutLoop" name="getPrint" time="0.003"/>
  <testcase classname="com.string.PrintNameWithoutLoop" name="getPrint" time="0.001"/>
  <testcase classname="com.string.PrintNameWithoutLoop" name="getPrint" time="0.001"/>
</testsuite> <!-- com.string.PrintNameWithoutLoop -->
