<?xml version="1.0" encoding="UTF-8"?>
<!-- Generated by org.testng.reporters.JUnitReportReporter -->
<testsuite hostname="Oviya" failures="0" tests="3" name="com.scroll.ScrollWindowAndTable" time="0.296" errors="0" timestamp="2024-03-10T17:43:30 IST" skipped="0">
  <testcase classname="com.scroll.ScrollWindowAndTable" name="WindowScrollTest" time="0.018"/>
  <testcase classname="com.scroll.ScrollWindowAndTable" name="ScrollTable" time="0.167"/>
  <testcase classname="com.scroll.ScrollWindowAndTable" name="TotalAmountTest" time="0.111"/>
</testsuite> <!-- com.scroll.ScrollWindowAndTable -->
