<?xml version="1.0" encoding="UTF-8"?>
<!-- Generated by org.testng.reporters.JUnitReportReporter -->
<testsuite hostname="Oviya" failures="0" tests="4" name="com.excel.ExcelDataTest" time="0.027" errors="0" timestamp="2024-07-27T16:59:13 IST" skipped="0">
  <testcase classname="com.excel.ExcelDataTest" name="Test" time="0.018"/>
  <testcase classname="com.excel.ExcelDataTest" name="Test" time="0.001"/>
  <testcase classname="com.excel.ExcelDataTest" name="Test" time="0.005"/>
  <testcase classname="com.excel.ExcelDataTest" name="Test" time="0.003"/>
</testsuite> <!-- com.excel.ExcelDataTest -->
