<?xml version="1.0" encoding="UTF-8"?>
<!-- Generated by org.testng.reporters.JUnitReportReporter -->
<testsuite hostname="Oviya" failures="0" tests="1" name="com.webtable.TableTestDemo" time="2.552" errors="0" timestamp="2024-04-20T23:27:07 IST" skipped="0">
  <testcase classname="com.webtable.TableTestDemo" name="nameValidationTableTest" time="2.552"/>
</testsuite> <!-- com.webtable.TableTestDemo -->
