<?xml version="1.0" encoding="UTF-8"?>
<!-- Generated by org.testng.reporters.JUnitReportReporter -->
<testsuite hostname="Oviya" failures="0" tests="1" name="com.testng.BeforeAnnotationTest" time="0.049" errors="0" timestamp="2024-06-01T14:50:44 IST" skipped="0">
  <testcase classname="com.testng.BeforeAnnotationTest" name="TitleTest" time="0.049"/>
  <system-out/>
</testsuite> <!-- com.testng.BeforeAnnotationTest -->
