<?xml version="1.0" encoding="UTF-8"?>
<!-- Generated by org.testng.reporters.JUnitReportReporter -->
<testsuite hostname="Oviya" failures="0" tests="2" name="com.webtable.PaginationTable" time="0.321" errors="0" timestamp="2024-06-19T16:51:59 IST" skipped="1">
  <testcase classname="com.webtable.PaginationTable" name="Pagination" time="0.321"/>
  <testcase classname="com.webtable.PaginationTable" name="rowsColsTest">
    <skipped/>
  </testcase> <!-- rowsColsTest -->
</testsuite> <!-- com.webtable.PaginationTable -->
