<?xml version="1.0" encoding="UTF-8"?>
<!-- Generated by org.testng.reporters.JUnitReportReporter -->
<testsuite hostname="Oviya" failures="0" tests="4" name="com.excel.DataDriven" time="0.018" errors="0" timestamp="2024-07-27T23:44:55 IST" skipped="0">
  <testcase classname="com.excel.DataDriven" name="TestDemo" time="0.003"/>
  <testcase classname="com.excel.DataDriven" name="TestDemo" time="0.004"/>
  <testcase classname="com.excel.DataDriven" name="TestDemo" time="0.009"/>
  <testcase classname="com.excel.DataDriven" name="TestDemo" time="0.002"/>
</testsuite> <!-- com.excel.DataDriven -->
