<?xml version="1.0" encoding="UTF-8"?>
<!-- Generated by org.testng.reporters.JUnitReportReporter -->
<testsuite hostname="Oviya" failures="0" tests="1" name="com.window.WindowHandles" time="0.378" errors="0" timestamp="2024-02-03T23:26:52 IST" skipped="0">
  <testcase classname="com.window.WindowHandles" name="newTab" time="0.378"/>
</testsuite> <!-- com.window.WindowHandles -->
