<?xml version="1.0" encoding="UTF-8"?>
<!-- Generated by org.testng.reporters.JUnitReportReporter -->
<testsuite hostname="Oviya" failures="0" tests="3" name="com.testng.DataProvide" time="0.020" errors="0" timestamp="2024-04-14T23:32:48 IST" skipped="0">
  <testcase classname="com.testng.DataProvide" name="testCaseData" time="0.016"/>
  <testcase classname="com.testng.DataProvide" name="testCaseData" time="0.002"/>
  <testcase classname="com.testng.DataProvide" name="testCaseData" time="0.002"/>
</testsuite> <!-- com.testng.DataProvide -->
