<?xml version="1.0" encoding="UTF-8"?>
<!-- Generated by org.testng.reporters.JUnitReportReporter -->
<testsuite hostname="Oviya" failures="0" tests="3" name="com.scroll.ScrollWindowAndTable" time="0.857" errors="0" timestamp="2024-01-20T00:01:18 IST" skipped="0">
  <testcase classname="com.scroll.ScrollWindowAndTable" name="WindowScrollTest" time="0.103"/>
  <testcase classname="com.scroll.ScrollWindowAndTable" name="ScrollTable" time="0.493"/>
  <testcase classname="com.scroll.ScrollWindowAndTable" name="TotalAmountTest" time="0.261"/>
</testsuite> <!-- com.scroll.ScrollWindowAndTable -->
