<?xml version="1.0" encoding="UTF-8"?>
<!-- Generated by org.testng.reporters.JUnitReportReporter -->
<testsuite hostname="Oviya" failures="0" tests="1" name="com.pagination.Google" time="1.748" errors="0" timestamp="2024-01-20T20:41:19 IST" skipped="0">
  <testcase classname="com.pagination.Google" name="GoogleTest" time="1.748"/>
</testsuite> <!-- com.pagination.Google -->
