<?xml version="1.0" encoding="UTF-8"?>
<!-- Generated by org.testng.reporters.JUnitReportReporter -->
<testsuite hostname="Oviya" failures="0" tests="2" name="com.selenium.WindowsArrayList" time="6.381" errors="0" timestamp="2024-07-08T11:13:02 IST" skipped="0">
  <testcase classname="com.selenium.WindowsArrayList" name="linkTest" time="0.094"/>
  <testcase classname="com.selenium.WindowsArrayList" name="window" time="6.287"/>
</testsuite> <!-- com.selenium.WindowsArrayList -->
