<?xml version="1.0" encoding="UTF-8"?>
<!-- Generated by org.testng.reporters.JUnitReportReporter -->
<testsuite hostname="Oviya" failures="0" tests="4" name="com.excel.DataTest" time="0.024" errors="0" timestamp="2024-09-17T00:50:14 IST" skipped="0">
  <testcase classname="com.excel.DataTest" name="getTest" time="0.012"/>
  <testcase classname="com.excel.DataTest" name="getTest" time="0.007"/>
  <testcase classname="com.excel.DataTest" name="getTest" time="0.002"/>
  <testcase classname="com.excel.DataTest" name="getTest" time="0.003"/>
</testsuite> <!-- com.excel.DataTest -->
