<?xml version="1.0" encoding="UTF-8"?>
<!-- Generated by org.testng.reporters.JUnitReportReporter -->
<testsuite hostname="Oviya" failures="0" tests="1" name="com.window.WindowTab" time="2.659" errors="0" timestamp="2024-01-20T00:01:18 IST" skipped="0">
  <testcase classname="com.window.WindowTab" name="windowTest" time="2.659"/>
</testsuite> <!-- com.window.WindowTab -->
