<?xml version="1.0" encoding="UTF-8"?>
<!-- Generated by org.testng.reporters.JUnitReportReporter -->
<testsuite hostname="Oviya" failures="0" tests="1" name="com.dktech.SelectDropDownSpicejet" time="8.196" errors="0" timestamp="2024-01-20T00:01:18 IST" skipped="0">
  <testcase classname="com.dktech.SelectDropDownSpicejet" name="dynamicDropDown" time="8.196"/>
</testsuite> <!-- com.dktech.SelectDropDownSpicejet -->
