<?xml version="1.0" encoding="UTF-8"?>
<!-- Generated by org.testng.reporters.JUnitReportReporter -->
<testsuite hostname="Oviya" failures="0" tests="1" name="com.sslcert.SSLCertificateDemo" time="32.522" errors="0" timestamp="2024-01-20T00:01:18 IST" skipped="0">
  <testcase classname="com.sslcert.SSLCertificateDemo" name="SSLCerticateTest" time="32.522"/>
</testsuite> <!-- com.sslcert.SSLCertificateDemo -->
