<?xml version="1.0" encoding="UTF-8"?>
<!-- Generated by org.testng.reporters.JUnitReportReporter -->
<testsuite hostname="Oviya" failures="0" tests="1" name="com.testng.ExcelData" time="0.000" errors="0" timestamp="2024-06-01T14:50:44 IST" skipped="1">
  <testcase classname="com.testng.ExcelData" name="testCaseData" time="0.000">
    <skipped/>
  </testcase> <!-- testCaseData -->
  <system-out/>
</testsuite> <!-- com.testng.ExcelData -->
