<?xml version="1.0" encoding="UTF-8"?>
<!-- Generated by org.testng.reporters.JUnitReportReporter -->
<testsuite hostname="Oviya" failures="0" tests="4" name="com.webtable.SampleTable" time="0.523" errors="0" timestamp="2024-06-19T13:44:45 IST" skipped="0">
  <testcase classname="com.webtable.SampleTable" name="ParticularRow" time="0.144"/>
  <testcase classname="com.webtable.SampleTable" name="allLinkTest" time="0.039"/>
  <testcase classname="com.webtable.SampleTable" name="checkBoxTest" time="0.049"/>
  <testcase classname="com.webtable.SampleTable" name="RowColmnCount" time="0.291"/>
</testsuite> <!-- com.webtable.SampleTable -->
