<?xml version="1.0" encoding="UTF-8"?>
<!-- Generated by org.testng.reporters.JUnitReportReporter -->
<testsuite hostname="Oviya" failures="0" tests="1" name="com.collectionnew.Annotations" time="0.010" errors="0" timestamp="2024-03-20T15:12:18 IST" skipped="0">
  <testcase classname="com.collectionnew.Annotations" name="getTest" time="0.010"/>
</testsuite> <!-- com.collectionnew.Annotations -->
