<?xml version="1.0" encoding="UTF-8"?>
<!-- Generated by org.testng.reporters.JUnitReportReporter -->
<testsuite hostname="Oviya" failures="0" tests="15" name="com.excel.ExcelData" time="0.062" errors="0" timestamp="2024-07-28T00:17:41 IST" skipped="0">
  <testcase classname="com.excel.ExcelData" name="getTest" time="0.001"/>
  <testcase classname="com.excel.ExcelData" name="getTest" time="0.001"/>
  <testcase classname="com.excel.ExcelData" name="test2" time="0.007"/>
  <testcase classname="com.excel.ExcelData" name="test2" time="0.002"/>
  <testcase classname="com.excel.ExcelData" name="getTest" time="0.000"/>
  <testcase classname="com.excel.ExcelData" name="ExcelDataDemo" time="0.012"/>
  <testcase classname="com.excel.ExcelData" name="secondTest" time="0.001"/>
  <testcase classname="com.excel.ExcelData" name="ExcelDataDemo" time="0.003"/>
  <testcase classname="com.excel.ExcelData" name="test2" time="0.002"/>
  <testcase classname="com.excel.ExcelData" name="ExcelDataDemo" time="0.002"/>
  <testcase classname="com.excel.ExcelData" name="test2" time="0.002"/>
  <testcase classname="com.excel.ExcelData" name="getTest" time="0.021"/>
  <testcase classname="com.excel.ExcelData" name="secondTest" time="0.003"/>
  <testcase classname="com.excel.ExcelData" name="secondTest" time="0.001"/>
  <testcase classname="com.excel.ExcelData" name="ExcelDataDemo" time="0.004"/>
</testsuite> <!-- com.excel.ExcelData -->
