<?xml version="1.0" encoding="UTF-8"?>
<!-- Generated by org.testng.reporters.JUnitReportReporter -->
<testsuite hostname="Oviya" failures="0" tests="2" name="com.string.LargestSmalles" time="0.019" errors="0" timestamp="2024-05-08T13:49:58 IST" skipped="0">
  <testcase classname="com.string.LargestSmalles" name="LargestTest" time="0.015"/>
  <testcase classname="com.string.LargestSmalles" name="largeTest" time="0.004"/>
</testsuite> <!-- com.string.LargestSmalles -->
