<?xml version="1.0" encoding="UTF-8"?>
<!-- Generated by org.testng.reporters.JUnitReportReporter -->
<testsuite hostname="Oviya" failures="0" tests="3" name="com.testng.BasicTestNG" time="0.093" errors="0" timestamp="2024-06-01T11:24:52 IST" skipped="0">
  <testcase classname="com.testng.BasicTestNG" name="googleTitleTest" time="0.010"/>
  <testcase classname="com.testng.BasicTestNG" name="gmailLinkTest" time="0.054"/>
  <testcase classname="com.testng.BasicTestNG" name="googleLogoTest" time="0.029"/>
</testsuite> <!-- com.testng.BasicTestNG -->
