<?xml version="1.0" encoding="UTF-8"?>
<!-- Generated by org.testng.reporters.JUnitReportReporter -->
<testsuite hostname="Oviya" failures="0" tests="3" name="com.string.ReverseStringTest" time="0.018" errors="0" timestamp="2024-10-05T01:31:09 IST" skipped="0">
  <testcase classname="com.string.ReverseStringTest" name="getArrayTest" time="0.004"/>
  <testcase classname="com.string.ReverseStringTest" name="charAtFunction" time="0.012"/>
  <testcase classname="com.string.ReverseStringTest" name="convertingStringTocharArray" time="0.002"/>
</testsuite> <!-- com.string.ReverseStringTest -->
