<?xml version="1.0" encoding="UTF-8"?>
<!-- Generated by org.testng.reporters.JUnitReportReporter -->
<testsuite hostname="Oviya" failures="0" tests="2" name="com.dktech.DataTable" time="7.609" errors="0" timestamp="2024-01-20T00:01:18 IST" skipped="0">
  <testcase classname="com.dktech.DataTable" name="getDataTable" time="0.285"/>
  <testcase classname="com.dktech.DataTable" name="getTabledata" time="7.324"/>
</testsuite> <!-- com.dktech.DataTable -->
