<?xml version="1.0" encoding="UTF-8"?>
<!-- Generated by org.testng.reporters.JUnitReportReporter -->
<testsuite hostname="Oviya" failures="0" tests="1" name="com.selenium.JavaScriptTest" time="6.961" errors="0" timestamp="2024-03-10T19:45:45 IST" skipped="0">
  <testcase classname="com.selenium.JavaScriptTest" name="getSearchTest" time="6.961"/>
</testsuite> <!-- com.selenium.JavaScriptTest -->
