<?xml version="1.0" encoding="UTF-8"?>
<!-- Generated by org.testng.reporters.JUnitReportReporter -->
<testsuite hostname="Oviya" failures="0" tests="7" name="com.dktech.WebTable" time="21.673" errors="0" timestamp="2024-01-20T00:01:18 IST" skipped="0">
  <testcase classname="com.dktech.WebTable" name="HeaderInTableTest" time="0.311"/>
  <testcase classname="com.dktech.WebTable" name="AllTableRowsTest" time="0.500"/>
  <testcase classname="com.dktech.WebTable" name="AllTableData" time="0.355"/>
  <testcase classname="com.dktech.WebTable" name="CompanyTest" time="0.184"/>
  <testcase classname="com.dktech.WebTable" name="AllCheckBoxTest" time="14.335"/>
  <testcase classname="com.dktech.WebTable" name="checkBoxTest" time="5.394"/>
  <testcase classname="com.dktech.WebTable" name="clickTest" time="0.594"/>
</testsuite> <!-- com.dktech.WebTable -->
