<?xml version="1.0" encoding="UTF-8"?>
<!-- Generated by org.testng.reporters.JUnitReportReporter -->
<testsuite hostname="Oviya" failures="0" tests="4" name="com.excel.PracticeExcel" time="0.022" errors="0" timestamp="2024-09-17T00:51:19 IST" skipped="0">
  <testcase classname="com.excel.PracticeExcel" name="getTest" time="0.013"/>
  <testcase classname="com.excel.PracticeExcel" name="getTest" time="0.002"/>
  <testcase classname="com.excel.PracticeExcel" name="getTest" time="0.004"/>
  <testcase classname="com.excel.PracticeExcel" name="getTest" time="0.003"/>
</testsuite> <!-- com.excel.PracticeExcel -->
