<?xml version="1.0" encoding="UTF-8"?>
<!-- Generated by org.testng.reporters.JUnitReportReporter -->
<testsuite hostname="Oviya" failures="0" tests="7" name="com.webtable.WebTableTestMukesh" time="4.454" errors="0" timestamp="2024-10-20T01:16:16 IST" skipped="1">
  <testcase classname="com.webtable.WebTableTestMukesh" name="tableHeaderTest" time="0.073"/>
  <testcase classname="com.webtable.WebTableTestMukesh" name="CountryValidationTest" time="0.050"/>
  <testcase classname="com.webtable.WebTableTestMukesh" name="specificNameTest" time="0.077"/>
  <testcase classname="com.webtable.WebTableTestMukesh" name="verifyCompanyName" time="0.067"/>
  <testcase classname="com.webtable.WebTableTestMukesh" name="clickOnBeforeCheckBox" time="0.072"/>
  <testcase classname="com.webtable.WebTableTestMukesh" name="clickOnOla" time="4.115"/>
  <testcase classname="com.webtable.WebTableTestMukesh" name="clickedOnAmazonLink">
    <skipped/>
  </testcase> <!-- clickedOnAmazonLink -->
</testsuite> <!-- com.webtable.WebTableTestMukesh -->
