<?xml version="1.0" encoding="UTF-8"?>
<!-- Generated by org.testng.reporters.JUnitReportReporter -->
<testsuite hostname="Oviya" failures="0" tests="1" name="com.selenium.Ecommerce" time="11.409" errors="0" timestamp="2024-07-14T22:04:21 IST" skipped="0">
  <testcase classname="com.selenium.Ecommerce" name="product" time="11.409"/>
</testsuite> <!-- com.selenium.Ecommerce -->
