<?xml version="1.0" encoding="UTF-8"?>
<!-- Generated by org.testng.reporters.JUnitReportReporter -->
<testsuite hostname="Oviya" failures="0" tests="1" name="com.javascript.JavaScriptClick" time="1.605" errors="0" timestamp="2024-10-14T07:50:25 IST" skipped="0">
  <testcase classname="com.javascript.JavaScriptClick" name="test" time="1.605"/>
</testsuite> <!-- com.javascript.JavaScriptClick -->
