<?xml version="1.0" encoding="UTF-8"?>
<!-- Generated by org.testng.reporters.JUnitReportReporter -->
<testsuite hostname="Oviya" failures="0" tests="2" name="com.dktech.WebDynamicTable" time="3.115" errors="0" timestamp="2024-01-20T00:01:18 IST" skipped="0">
  <testcase classname="com.dktech.WebDynamicTable" name="getFbTitle" time="3.029"/>
  <testcase classname="com.dktech.WebDynamicTable" name="getCurrentUrl" time="0.086"/>
</testsuite> <!-- com.dktech.WebDynamicTable -->
