<?xml version="1.0" encoding="UTF-8"?>
<!-- Generated by org.testng.reporters.JUnitReportReporter -->
<testsuite hostname="Oviya" failures="0" tests="1" name="com.dropdown.SelectWithSwitchCase" time="0.433" errors="0" timestamp="2024-01-26T09:00:56 IST" skipped="0">
  <testcase classname="com.dropdown.SelectWithSwitchCase" name="TestDemo" time="0.433"/>
</testsuite> <!-- com.dropdown.SelectWithSwitchCase -->
