<?xml version="1.0" encoding="UTF-8"?>
<!-- Generated by org.testng.reporters.JUnitReportReporter -->
<testsuite hostname="Oviya" failures="0" tests="6" name="com.testng.TestDemo" time="0.923" errors="0" timestamp="2024-06-01T14:50:44 IST" skipped="0">
  <testcase classname="com.testng.TestDemo" name="googleLogoTest" time="0.199"/>
  <system-out/>
  <testcase classname="com.testng.TestDemo" name="ImagesLinkTest" time="0.064"/>
  <system-out/>
  <testcase classname="com.testng.TestDemo" name="googleTitleTest" time="0.140"/>
  <system-out/>
  <testcase classname="com.testng.TestDemo" name="gmailLinkTest" time="0.172"/>
  <system-out/>
  <testcase classname="com.testng.TestDemo" name="googleSearchLinkTest" time="0.217"/>
  <system-out/>
  <testcase classname="com.testng.TestDemo" name="GoogleAppsLinkTest" time="0.131"/>
  <system-out/>
</testsuite> <!-- com.testng.TestDemo -->
