<?xml version="1.0" encoding="UTF-8"?>
<!-- Generated by org.testng.reporters.JUnitReportReporter -->
<testsuite hostname="Oviya" failures="0" tests="1" name="com.dropdown.SelectWithSwitchCase" time="35.149" errors="0" timestamp="2024-06-21T00:03:43 IST" skipped="0">
  <testcase classname="com.dropdown.SelectWithSwitchCase" name="TestDemo" time="35.149"/>
</testsuite> <!-- com.dropdown.SelectWithSwitchCase -->
