<?xml version="1.0" encoding="UTF-8"?>
<!-- Generated by org.testng.reporters.JUnitReportReporter -->
<testsuite hostname="Oviya" failures="0" tests="2" name="com.interview.ActionClass" time="9.034" errors="0" timestamp="2024-11-30T11:05:00 IST" skipped="0">
  <testcase classname="com.interview.ActionClass" name="dragAndDropOver" time="1.486"/>
  <testcase classname="com.interview.ActionClass" name="mouseOver" time="7.548"/>
</testsuite> <!-- com.interview.ActionClass -->
