<?xml version="1.0" encoding="UTF-8"?>
<!-- Generated by org.testng.reporters.JUnitReportReporter -->
<testsuite hostname="Oviya" failures="0" tests="5" name="com.pagination.FriendlyLocators" time="11.850" errors="0" timestamp="2024-01-20T00:01:19 IST" skipped="0">
  <testcase classname="com.pagination.FriendlyLocators" name="iceCreamTest" time="2.565"/>
  <testcase classname="com.pagination.FriendlyLocators" name="NameTest" time="2.129"/>
  <testcase classname="com.pagination.FriendlyLocators" name="widthHeightTest" time="2.102"/>
  <testcase classname="com.pagination.FriendlyLocators" name="DOBTest" time="2.765"/>
  <testcase classname="com.pagination.FriendlyLocators" name="radioButtonTest" time="2.289"/>
</testsuite> <!-- com.pagination.FriendlyLocators -->
