<?xml version="1.0" encoding="UTF-8"?>
<!-- Generated by org.testng.reporters.JUnitReportReporter -->
<testsuite hostname="Oviya" failures="0" tests="1" name="com.brokenlinks.BrokenLinkTestDemo" time="0.480" errors="0" timestamp="2024-03-27T11:35:08 IST" skipped="0">
  <testcase classname="com.brokenlinks.BrokenLinkTestDemo" name="getBrokenLinkTest" time="0.480"/>
</testsuite> <!-- com.brokenlinks.BrokenLinkTestDemo -->
