<?xml version="1.0" encoding="UTF-8"?>
<!-- Generated by org.testng.reporters.JUnitReportReporter -->
<testsuite hostname="Oviya" failures="0" tests="1" name="com.window.WindowHandling" time="4.899" errors="0" timestamp="2024-02-05T08:53:37 IST" skipped="0">
  <testcase classname="com.window.WindowHandling" name="WindTest" time="4.899"/>
</testsuite> <!-- com.window.WindowHandling -->
