<?xml version="1.0" encoding="UTF-8"?>
<!-- Generated by org.testng.reporters.JUnitReportReporter -->
<testsuite hostname="Oviya" failures="0" tests="1" name="com.pagination.PaginationDemo" time="5.643" errors="0" timestamp="2024-06-19T22:51:16 IST" skipped="0">
  <testcase classname="com.pagination.PaginationDemo" name="paginationTest" time="5.643"/>
</testsuite> <!-- com.pagination.PaginationDemo -->
