<?xml version="1.0" encoding="UTF-8"?>
<!-- Generated by org.testng.reporters.JUnitReportReporter -->
<testsuite hostname="Oviya" failures="0" tests="12" name="com.stream.UpdateMarks" time="0.081" errors="0" timestamp="2024-01-15T13:32:54 IST" skipped="0">
  <testcase classname="com.stream.UpdateMarks" name="FilterMarks" time="0.020"/>
  <testcase classname="com.stream.UpdateMarks" name="UpdateMarkTest" time="0.003"/>
  <testcase classname="com.stream.UpdateMarks" name="faileStudents" time="0.008"/>
  <testcase classname="com.stream.UpdateMarks" name="sortMarks" time="0.008"/>
  <testcase classname="com.stream.UpdateMarks" name="ComparatorMarks" time="0.005"/>
  <testcase classname="com.stream.UpdateMarks" name="CompareToMethod" time="0.007"/>
  <testcase classname="com.stream.UpdateMarks" name="SortingStringTest" time="0.007"/>
  <testcase classname="com.stream.UpdateMarks" name="increasingLength" time="0.003"/>
  <testcase classname="com.stream.UpdateMarks" name="minAndMax" time="0.005"/>
  <testcase classname="com.stream.UpdateMarks" name="AdvanceWay" time="0.005"/>
  <testcase classname="com.stream.UpdateMarks" name="ArrayListToArray" time="0.005"/>
  <testcase classname="com.stream.UpdateMarks" name="StreamMethodUse" time="0.005"/>
</testsuite> <!-- com.stream.UpdateMarks -->
