<?xml version="1.0" encoding="UTF-8"?>
<!-- Generated by org.testng.reporters.JUnitReportReporter -->
<testsuite hostname="Oviya" failures="0" tests="4" name="com.excel.ExcelSheet" time="0.028" errors="0" timestamp="2024-12-05T20:29:43 IST" skipped="0">
  <testcase classname="com.excel.ExcelSheet" name="Test" time="0.006"/>
  <testcase classname="com.excel.ExcelSheet" name="Test" time="0.010"/>
  <testcase classname="com.excel.ExcelSheet" name="Test" time="0.006"/>
  <testcase classname="com.excel.ExcelSheet" name="Test" time="0.006"/>
</testsuite> <!-- com.excel.ExcelSheet -->
