<?xml version="1.0" encoding="UTF-8"?>
<!-- Generated by org.testng.reporters.JUnitReportReporter -->
<testsuite hostname="Oviya" failures="0" tests="3" name="com.string.ReverseStringTest" time="0.019" errors="0" timestamp="2024-05-29T01:29:30 IST" skipped="0">
  <testcase classname="com.string.ReverseStringTest" name="charAtFunction" time="0.012"/>
  <testcase classname="com.string.ReverseStringTest" name="getArrayTest" time="0.003"/>
  <testcase classname="com.string.ReverseStringTest" name="convertingStringTocharArray" time="0.004"/>
</testsuite> <!-- com.string.ReverseStringTest -->
