<?xml version="1.0" encoding="UTF-8"?>
<!-- Generated by org.testng.reporters.JUnitReportReporter -->
<testsuite hostname="Oviya" failures="0" tests="4" name="com.excel.SimpleDataTest" time="0.027" errors="0" timestamp="2024-09-14T09:34:16 IST" skipped="0">
  <testcase classname="com.excel.SimpleDataTest" name="getTest" time="0.014"/>
  <testcase classname="com.excel.SimpleDataTest" name="getTest" time="0.004"/>
  <testcase classname="com.excel.SimpleDataTest" name="getTest" time="0.003"/>
  <testcase classname="com.excel.SimpleDataTest" name="getTest" time="0.006"/>
</testsuite> <!-- com.excel.SimpleDataTest -->
