<?xml version="1.0" encoding="UTF-8"?>
<!-- Generated by org.testng.reporters.JUnitReportReporter -->
<testsuite hostname="Oviya" failures="0" tests="1" name="com.screenshot.ScreenShotTest" time="0.779" errors="0" timestamp="2024-10-24T02:21:52 IST" skipped="0">
  <testcase classname="com.screenshot.ScreenShotTest" name="amazonSearch" time="0.779"/>
</testsuite> <!-- com.screenshot.ScreenShotTest -->
