<?xml version="1.0" encoding="UTF-8"?>
<!-- Generated by org.testng.reporters.JUnitReportReporter -->
<testsuite hostname="Oviya" failures="0" tests="11" name="com.programs.Practice" time="0.047" errors="0" timestamp="2024-02-03T00:51:18 IST" skipped="0">
  <testcase classname="com.programs.Practice" name="EvenNum" time="0.004"/>
  <testcase classname="com.programs.Practice" name="SumNnumbers" time="0.010"/>
  <testcase classname="com.programs.Practice" name="armStrongNum" time="0.002"/>
  <testcase classname="com.programs.Practice" name="armstrongNumber" time="0.001"/>
  <testcase classname="com.programs.Practice" name="CountOfOdd" time="0.009"/>
  <testcase classname="com.programs.Practice" name="OddNumber" time="0.005"/>
  <testcase classname="com.programs.Practice" name="sumOfOdd" time="0.001"/>
  <testcase classname="com.programs.Practice" name="armStrongDemo" time="0.004"/>
  <testcase classname="com.programs.Practice" name="palindromeNumber" time="0.001"/>
  <testcase classname="com.programs.Practice" name="printArmStrong" time="0.004"/>
  <testcase classname="com.programs.Practice" name="sumOfDigits" time="0.006"/>
</testsuite> <!-- com.programs.Practice -->
