<?xml version="1.0" encoding="UTF-8"?>
<!-- Generated by org.testng.reporters.JUnitReportReporter -->
<testsuite hostname="Oviya" failures="0" tests="1" name="com.pagination.Pagination" time="1.212" errors="0" timestamp="2024-06-20T09:23:03 IST" skipped="0">
  <testcase classname="com.pagination.Pagination" name="paginationTest" time="1.212"/>
</testsuite> <!-- com.pagination.Pagination -->
