<?xml version="1.0" encoding="UTF-8"?>
<!-- Generated by org.testng.reporters.JUnitReportReporter -->
<testsuite hostname="Oviya" failures="0" tests="1" name="com.exception.StaleElementException" time="125.932" errors="0" timestamp="2024-10-13T19:13:21 IST" skipped="0">
  <testcase classname="com.exception.StaleElementException" name="searchTest" time="125.932"/>
</testsuite> <!-- com.exception.StaleElementException -->
