<?xml version="1.0" encoding="UTF-8"?>
<!-- Generated by org.testng.reporters.JUnitReportReporter -->
<testsuite hostname="Oviya" failures="0" tests="1" name="com.brokenlinks.BrokenLinks" time="38.854" errors="0" timestamp="2024-01-20T21:11:16 IST" skipped="0">
  <testcase classname="com.brokenlinks.BrokenLinks" name="brokeLinkTest" time="38.854"/>
</testsuite> <!-- com.brokenlinks.BrokenLinks -->
