<?xml version="1.0" encoding="UTF-8"?>
<!-- Generated by org.testng.reporters.JUnitReportReporter -->
<testsuite hostname="Oviya" failures="0" tests="1" name="com.dynamicxpath.JavaTutorialSearch" time="0.959" errors="0" timestamp="2024-02-17T18:23:00 IST" skipped="0">
  <testcase classname="com.dynamicxpath.JavaTutorialSearch" name="javaTutorialTest" time="0.959"/>
</testsuite> <!-- com.dynamicxpath.JavaTutorialSearch -->
