<?xml version="1.0" encoding="UTF-8"?>
<!-- Generated by org.testng.reporters.JUnitReportReporter -->
<testsuite hostname="Oviya" failures="0" tests="4" name="com.excel.ExcelP" time="0.045" errors="0" timestamp="2024-10-15T10:48:41 IST" skipped="0">
  <testcase classname="com.excel.ExcelP" name="getTest" time="0.034"/>
  <testcase classname="com.excel.ExcelP" name="getTest" time="0.002"/>
  <testcase classname="com.excel.ExcelP" name="getTest" time="0.006"/>
  <testcase classname="com.excel.ExcelP" name="getTest" time="0.003"/>
</testsuite> <!-- com.excel.ExcelP -->
