<?xml version="1.0" encoding="UTF-8"?>
<!-- Generated by org.testng.reporters.JUnitReportReporter -->
<testsuite hostname="Oviya" failures="0" tests="3" name="com.webtable.Pagination" time="0.610" errors="0" timestamp="2024-06-19T18:19:03 IST" skipped="0">
  <testcase classname="com.webtable.Pagination" name="clickFilter" time="0.074"/>
  <testcase classname="com.webtable.Pagination" name="captureList" time="0.437"/>
  <testcase classname="com.webtable.Pagination" name="filterTest" time="0.099"/>
</testsuite> <!-- com.webtable.Pagination -->
