<?xml version="1.0" encoding="UTF-8"?>
<!-- Generated by org.testng.reporters.JUnitReportReporter -->
<testsuite hostname="Oviya" failures="0" tests="7" name="com.webtable.WebTableTestMukesh" time="8.418" errors="0" timestamp="2024-04-20T20:35:07 IST" skipped="1">
  <testcase classname="com.webtable.WebTableTestMukesh" name="tableHeaderTest" time="0.081"/>
  <testcase classname="com.webtable.WebTableTestMukesh" name="CountryValidationTest" time="0.057"/>
  <testcase classname="com.webtable.WebTableTestMukesh" name="specificNameTest" time="0.064"/>
  <testcase classname="com.webtable.WebTableTestMukesh" name="verifyCompanyName" time="0.061"/>
  <testcase classname="com.webtable.WebTableTestMukesh" name="clickOnBeforeCheckBox" time="0.082"/>
  <testcase classname="com.webtable.WebTableTestMukesh" name="clickOnOla" time="8.073"/>
  <testcase classname="com.webtable.WebTableTestMukesh" name="clickedOnAmazonLink">
    <skipped/>
  </testcase> <!-- clickedOnAmazonLink -->
</testsuite> <!-- com.webtable.WebTableTestMukesh -->
