<?xml version="1.0" encoding="UTF-8"?>
<!-- Generated by org.testng.reporters.JUnitReportReporter -->
<testsuite hostname="Oviya" failures="0" tests="15" name="com.excel.FirstTest" time="0.034" errors="0" timestamp="2024-07-27T16:27:27 IST" skipped="0">
  <testcase classname="com.excel.FirstTest" name="DataTest" time="0.010"/>
  <testcase classname="com.excel.FirstTest" name="ExcelData" time="0.001"/>
  <testcase classname="com.excel.FirstTest" name="ExcelData" time="0.004"/>
  <testcase classname="com.excel.FirstTest" name="DataTest" time="0.001"/>
  <testcase classname="com.excel.FirstTest" name="test" time="0.000"/>
  <testcase classname="com.excel.FirstTest" name="DataTest" time="0.002"/>
  <testcase classname="com.excel.FirstTest" name="test" time="0.001"/>
  <testcase classname="com.excel.FirstTest" name="t" time="0.002"/>
  <testcase classname="com.excel.FirstTest" name="test" time="0.003"/>
  <testcase classname="com.excel.FirstTest" name="ExcelData" time="0.001"/>
  <testcase classname="com.excel.FirstTest" name="ExcelData" time="0.002"/>
  <testcase classname="com.excel.FirstTest" name="test" time="0.001"/>
  <testcase classname="com.excel.FirstTest" name="t" time="0.002"/>
  <testcase classname="com.excel.FirstTest" name="test" time="0.001"/>
  <testcase classname="com.excel.FirstTest" name="DataTest" time="0.003"/>
</testsuite> <!-- com.excel.FirstTest -->
