<?xml version="1.0" encoding="UTF-8"?>
<!-- Generated by org.testng.reporters.JUnitReportReporter -->
<testsuite hostname="Oviya" failures="0" tests="2" name="com.annotation.TestNGDemo" time="0.010" errors="0" timestamp="2024-01-20T22:37:35 IST" skipped="0">
  <testcase classname="com.annotation.TestNGDemo" name="testDemo" time="0.005"/>
  <testcase classname="com.annotation.TestNGDemo" name="SecondDemo" time="0.005"/>
</testsuite> <!-- com.annotation.TestNGDemo -->
