<?xml version="1.0" encoding="UTF-8"?>
<!-- Generated by org.testng.reporters.JUnitReportReporter -->
<testsuite hostname="Oviya" failures="0" tests="3" name="com.webtable.WebTableTestDemo" time="0.191" errors="0" timestamp="2024-10-23T00:37:47 IST" skipped="0">
  <testcase classname="com.webtable.WebTableTestDemo" name="getColRowCount" time="0.049"/>
  <testcase classname="com.webtable.WebTableTestDemo" name="CellValueTest" time="0.063"/>
  <testcase classname="com.webtable.WebTableTestDemo" name="CheckBoxTest" time="0.079"/>
</testsuite> <!-- com.webtable.WebTableTestDemo -->
