<?xml version="1.0" encoding="UTF-8"?>
<!-- Generated by org.testng.reporters.JUnitReportReporter -->
<testsuite hostname="Oviya" failures="0" tests="1" name="com.brokenlinks.BrokenLinks" time="48.929" errors="0" timestamp="2024-02-12T08:14:09 IST" skipped="0">
  <testcase classname="com.brokenlinks.BrokenLinks" name="brokeLinkTest" time="48.929"/>
</testsuite> <!-- com.brokenlinks.BrokenLinks -->
