<?xml version="1.0" encoding="UTF-8"?>
<!-- Generated by org.testng.reporters.JUnitReportReporter -->
<testsuite hostname="Oviya" failures="0" tests="2" name="com.stream.StreamDemo" time="0.012" errors="0" timestamp="2024-01-20T00:01:18 IST" skipped="0">
  <testcase classname="com.stream.StreamDemo" name="operationOnString" time="0.007"/>
  <testcase classname="com.stream.StreamDemo" name="streamCollect" time="0.005"/>
</testsuite> <!-- com.stream.StreamDemo -->
