<?xml version="1.0" encoding="UTF-8"?>
<!-- Generated by org.testng.reporters.JUnitReportReporter -->
<testsuite hostname="Oviya" failures="0" tests="1" name="com.excel.ExcelDemo" time="0.682" errors="0" timestamp="2024-08-03T12:18:32 IST" skipped="0">
  <testcase classname="com.excel.ExcelDemo" name="getData" time="0.682"/>
</testsuite> <!-- com.excel.ExcelDemo -->
