<?xml version="1.0" encoding="UTF-8"?>
<!-- Generated by org.testng.reporters.JUnitReportReporter -->
<testsuite hostname="Oviya" failures="0" tests="2" name="com.waits.WaitTest" time="1.313" errors="0" timestamp="2024-03-27T15:21:59 IST" skipped="0">
  <testcase classname="com.waits.WaitTest" name="fails" time="1.239"/>
  <testcase classname="com.waits.WaitTest" name="revealTest" time="0.074"/>
</testsuite> <!-- com.waits.WaitTest -->
