<?xml version="1.0" encoding="UTF-8"?>
<!-- Generated by org.testng.reporters.JUnitReportReporter -->
<testsuite hostname="Oviya" failures="0" tests="1" name="com.brokenlinks.BrokenLinks" time="58.794" errors="0" timestamp="2024-11-16T22:52:37 IST" skipped="0">
  <testcase classname="com.brokenlinks.BrokenLinks" name="brokeLinkTest" time="58.794"/>
</testsuite> <!-- com.brokenlinks.BrokenLinks -->
