<?xml version="1.0" encoding="UTF-8"?>
<!-- Generated by org.testng.reporters.JUnitReportReporter -->
<testsuite hostname="Oviya" failures="0" tests="1" name="com.testng.Test" time="4.890" errors="0" timestamp="2024-06-01T14:50:44 IST" skipped="0">
  <testcase classname="com.testng.Test" name="geturl" time="4.890"/>
  <system-out/>
</testsuite> <!-- com.testng.Test -->
