<?xml version="1.0" encoding="UTF-8"?>
<!-- Generated by org.testng.reporters.JUnitReportReporter -->
<testsuite hostname="Oviya" failures="0" tests="4" name="com.excel.DataDrivenTest" time="0.028" errors="0" timestamp="2024-09-14T09:21:30 IST" skipped="0">
  <testcase classname="com.excel.DataDrivenTest" name="dataTest" time="0.013"/>
  <testcase classname="com.excel.DataDrivenTest" name="dataTest" time="0.004"/>
  <testcase classname="com.excel.DataDrivenTest" name="dataTest" time="0.003"/>
  <testcase classname="com.excel.DataDrivenTest" name="dataTest" time="0.008"/>
</testsuite> <!-- com.excel.DataDrivenTest -->
