<?xml version="1.0" encoding="UTF-8"?>
<!-- Generated by org.testng.reporters.JUnitReportReporter -->
<testsuite hostname="Oviya" failures="0" tests="1" name="com.flipkart.SearchIphone" time="4.847" errors="0" timestamp="2024-02-02T10:02:05 IST" skipped="0">
  <testcase classname="com.flipkart.SearchIphone" name="searchProduct" time="4.847"/>
</testsuite> <!-- com.flipkart.SearchIphone -->
