<?xml version="1.0" encoding="UTF-8"?>
<!-- Generated by org.testng.reporters.JUnitReportReporter -->
<testsuite hostname="Oviya" failures="0" tests="3" name="com.window.LimitedDriverAndLinks" time="21.857" errors="0" timestamp="2024-01-20T00:01:18 IST" skipped="0">
  <testcase classname="com.window.LimitedDriverAndLinks" name="allLinksCount" time="0.146"/>
  <testcase classname="com.window.LimitedDriverAndLinks" name="limiteDScopeTest" time="0.155"/>
  <testcase classname="com.window.LimitedDriverAndLinks" name="columLinkTabTest" time="21.556"/>
</testsuite> <!-- com.window.LimitedDriverAndLinks -->
