<?xml version="1.0" encoding="UTF-8"?>
<!-- Generated by org.testng.reporters.JUnitReportReporter -->
<testsuite hostname="Oviya" failures="0" tests="4" name="com.excel.DataTestExcel" time="0.036" errors="0" timestamp="2024-10-20T16:08:32 IST" skipped="0">
  <testcase classname="com.excel.DataTestExcel" name="getNames" time="0.014"/>
  <testcase classname="com.excel.DataTestExcel" name="getNames" time="0.007"/>
  <testcase classname="com.excel.DataTestExcel" name="getNames" time="0.008"/>
  <testcase classname="com.excel.DataTestExcel" name="getNames" time="0.007"/>
</testsuite> <!-- com.excel.DataTestExcel -->
