<?xml version="1.0" encoding="UTF-8"?>
<!-- Generated by org.testng.reporters.JUnitReportReporter -->
<testsuite hostname="Oviya" failures="0" tests="4" name="com.excel.ExcelDrivenTest" time="0.015" errors="0" timestamp="2024-07-27T23:20:09 IST" skipped="0">
  <testcase classname="com.excel.ExcelDrivenTest" name="getTest" time="0.001"/>
  <testcase classname="com.excel.ExcelDrivenTest" name="getTest" time="0.002"/>
  <testcase classname="com.excel.ExcelDrivenTest" name="getTest" time="0.010"/>
  <testcase classname="com.excel.ExcelDrivenTest" name="getTest" time="0.002"/>
</testsuite> <!-- com.excel.ExcelDrivenTest -->
