<?xml version="1.0" encoding="UTF-8"?>
<!-- Generated by org.testng.reporters.JUnitReportReporter -->
<testsuite hostname="Oviya" failures="0" tests="1" name="com.string.CountVowelsInString" time="0.010" errors="0" timestamp="2024-04-30T11:57:04 IST" skipped="0">
  <testcase classname="com.string.CountVowelsInString" name="vowelCount" time="0.010"/>
</testsuite> <!-- com.string.CountVowelsInString -->
