<?xml version="1.0" encoding="UTF-8"?>
<!-- Generated by org.testng.reporters.JUnitReportReporter -->
<testsuite hostname="Oviya" failures="0" tests="1" name="com.width.WidthAndHight" time="0.204" errors="0" timestamp="2024-01-20T00:01:19 IST" skipped="0">
  <testcase classname="com.width.WidthAndHight" name="WidhtAndHightTest" time="0.204"/>
</testsuite> <!-- com.width.WidthAndHight -->
