<?xml version="1.0" encoding="UTF-8"?>
<!-- Generated by org.testng.reporters.JUnitReportReporter -->
<testsuite hostname="Oviya" failures="0" tests="2" name="com.annotation.AnnotationDemo" time="0.013" errors="0" timestamp="2024-01-20T22:49:18 IST" skipped="0">
  <testcase classname="com.annotation.AnnotationDemo" name="test1" time="0.009"/>
  <testcase classname="com.annotation.AnnotationDemo" name="test2" time="0.004"/>
</testsuite> <!-- com.annotation.AnnotationDemo -->
