<?xml version="1.0" encoding="UTF-8"?>
<!-- Generated by org.testng.reporters.JUnitReportReporter -->
<testsuite hostname="Oviya" failures="0" tests="5" name="com.string.RevEachWord" time="0.020" errors="0" timestamp="2024-10-05T00:55:33 IST" skipped="0">
  <testcase classname="com.string.RevEachWord" name="getrevTest" time="0.001"/>
  <testcase classname="com.string.RevEachWord" name="getRev" time="0.002"/>
  <testcase classname="com.string.RevEachWord" name="getReverse" time="0.001"/>
  <testcase classname="com.string.RevEachWord" name="RevTest" time="0.014"/>
  <testcase classname="com.string.RevEachWord" name="revWord" time="0.002"/>
</testsuite> <!-- com.string.RevEachWord -->
