<?xml version="1.0" encoding="UTF-8"?>
<!-- Generated by org.testng.reporters.JUnitReportReporter -->
<testsuite hostname="Oviya" failures="0" tests="1" name="com.dktech.LoopingThroughTableElements" time="4.390" errors="0" timestamp="2024-01-20T00:01:18 IST" skipped="0">
  <testcase classname="com.dktech.LoopingThroughTableElements" name="testPageTitle" time="4.390"/>
</testsuite> <!-- com.dktech.LoopingThroughTableElements -->
