<?xml version="1.0" encoding="UTF-8"?>
<!-- Generated by org.testng.reporters.JUnitReportReporter -->
<testsuite hostname="Oviya" failures="0" tests="4" name="com.excel.DataDriven" time="0.029" errors="0" timestamp="2024-12-05T20:24:47 IST" skipped="0">
  <testcase classname="com.excel.DataDriven" name="TestDemo" time="0.009"/>
  <testcase classname="com.excel.DataDriven" name="TestDemo" time="0.011"/>
  <testcase classname="com.excel.DataDriven" name="TestDemo" time="0.002"/>
  <testcase classname="com.excel.DataDriven" name="TestDemo" time="0.007"/>
</testsuite> <!-- com.excel.DataDriven -->
