<?xml version="1.0" encoding="UTF-8"?>
<!-- Generated by org.testng.reporters.JUnitReportReporter -->
<testsuite hostname="Oviya" failures="0" tests="2" name="com.window.GrabTheEmailId" time="3.471" errors="0" timestamp="2024-01-20T00:01:18 IST" skipped="0">
  <testcase classname="com.window.GrabTheEmailId" name="SwitchWindow" time="0.066"/>
  <testcase classname="com.window.GrabTheEmailId" name="WindowHandleTest" time="3.405"/>
</testsuite> <!-- com.window.GrabTheEmailId -->
