<?xml version="1.0" encoding="UTF-8"?>
<!-- Generated by org.testng.reporters.JUnitReportReporter -->
<testsuite hostname="Oviya" failures="0" tests="2" name="com.annotation.TestNGDemo" time="0.018" errors="0" timestamp="2024-11-24T12:17:04 IST" skipped="0">
  <testcase classname="com.annotation.TestNGDemo" name="testDemo" time="0.012"/>
  <testcase classname="com.annotation.TestNGDemo" name="SecondDemo" time="0.006"/>
</testsuite> <!-- com.annotation.TestNGDemo -->
