<?xml version="1.0" encoding="UTF-8"?>
<!-- Generated by org.testng.reporters.JUnitReportReporter -->
<testsuite hostname="Oviya" failures="0" tests="1" name="com.exception.ExceptionTest" time="8.782" errors="0" timestamp="2024-11-20T11:10:12 IST" skipped="0">
  <testcase classname="com.exception.ExceptionTest" name="clickTest" time="8.782"/>
</testsuite> <!-- com.exception.ExceptionTest -->
