<?xml version="1.0" encoding="UTF-8"?>
<!-- Generated by org.testng.reporters.JUnitReportReporter -->
<testsuite hostname="Oviya" failures="0" tests="2" name="com.waits.WaitDemoTest" time="1.340" errors="0" timestamp="2024-03-28T04:23:37 IST" skipped="0">
  <testcase classname="com.waits.WaitDemoTest" name="fails" time="1.267"/>
  <testcase classname="com.waits.WaitDemoTest" name="revealTest" time="0.073"/>
</testsuite> <!-- com.waits.WaitDemoTest -->
