<?xml version="1.0" encoding="UTF-8"?>
<!-- Generated by org.testng.reporters.JUnitReportReporter -->
<testsuite hostname="Oviya" failures="0" tests="1" name="com.dktech.CalenderExample" time="2.043" errors="0" timestamp="2024-01-20T00:01:19 IST" skipped="0">
  <testcase classname="com.dktech.CalenderExample" name="calenderTest" time="2.043"/>
</testsuite> <!-- com.dktech.CalenderExample -->
