<?xml version="1.0" encoding="UTF-8"?>
<!-- Generated by org.testng.reporters.JUnitReportReporter -->
<testsuite hostname="Oviya" failures="0" tests="1" name="com.dynamicxpath.YouTubSearch" time="2.460" errors="0" timestamp="2024-02-16T00:41:01 IST" skipped="0">
  <testcase classname="com.dynamicxpath.YouTubSearch" name="youtubeSearchTest" time="2.460"/>
</testsuite> <!-- com.dynamicxpath.YouTubSearch -->
