<?xml version="1.0" encoding="UTF-8"?>
<!-- Generated by org.testng.reporters.JUnitReportReporter -->
<testsuite hostname="Oviya" failures="0" tests="13" name="com.stream.StreamConcepts" time="0.345" errors="0" timestamp="2024-01-20T00:01:18 IST" skipped="0">
  <testcase classname="com.stream.StreamConcepts" name="FilterMarks" time="0.000"/>
  <testcase classname="com.stream.StreamConcepts" name="UpdateMarkTest" time="0.018"/>
  <testcase classname="com.stream.StreamConcepts" name="faileStudents" time="0.001"/>
  <testcase classname="com.stream.StreamConcepts" name="sortMarks" time="0.007"/>
  <testcase classname="com.stream.StreamConcepts" name="ComparatorMarks" time="0.016"/>
  <testcase classname="com.stream.StreamConcepts" name="CompareToMethod" time="0.000"/>
  <testcase classname="com.stream.StreamConcepts" name="SortingStringTest" time="0.004"/>
  <testcase classname="com.stream.StreamConcepts" name="increasingLength" time="0.006"/>
  <testcase classname="com.stream.StreamConcepts" name="minAndMax" time="0.014"/>
  <testcase classname="com.stream.StreamConcepts" name="AdvanceWay" time="0.030"/>
  <testcase classname="com.stream.StreamConcepts" name="ArrayListToArray" time="0.127"/>
  <testcase classname="com.stream.StreamConcepts" name="StreamMethodUse" time="0.009"/>
  <testcase classname="com.stream.StreamConcepts" name="AlpbhbeticalOrderCount" time="0.113"/>
</testsuite> <!-- com.stream.StreamConcepts -->
