<?xml version="1.0" encoding="UTF-8"?>
<!-- Generated by org.testng.reporters.JUnitReportReporter -->
<testsuite hostname="Oviya" failures="0" tests="5" name="com.string.MissingNumbersInArray" time="0.019" errors="0" timestamp="2024-05-08T14:36:41 IST" skipped="0">
  <testcase classname="com.string.MissingNumbersInArray" name="findMissNum" time="0.003"/>
  <testcase classname="com.string.MissingNumbersInArray" name="findMissingNum" time="0.002"/>
  <testcase classname="com.string.MissingNumbersInArray" name="findNum" time="0.002"/>
  <testcase classname="com.string.MissingNumbersInArray" name="a" time="0.002"/>
  <testcase classname="com.string.MissingNumbersInArray" name="FindMissingNumber" time="0.010"/>
</testsuite> <!-- com.string.MissingNumbersInArray -->
