<?xml version="1.0" encoding="UTF-8"?>
<!-- Generated by org.testng.reporters.JUnitReportReporter -->
<testsuite hostname="Oviya" failures="0" tests="4" name="com.excel.ExcelTestDemo" time="0.022" errors="0" timestamp="2024-07-28T00:10:33 IST" skipped="0">
  <testcase classname="com.excel.ExcelTestDemo" name="testData" time="0.006"/>
  <testcase classname="com.excel.ExcelTestDemo" name="testData" time="0.003"/>
  <testcase classname="com.excel.ExcelTestDemo" name="testData" time="0.010"/>
  <testcase classname="com.excel.ExcelTestDemo" name="testData" time="0.003"/>
</testsuite> <!-- com.excel.ExcelTestDemo -->
