<?xml version="1.0" encoding="UTF-8"?>
<!-- Generated by org.testng.reporters.JUnitReportReporter -->
<testsuite hostname="Oviya" failures="0" tests="1" name="com.dktech.GoogleTitleTest" time="9.325" errors="0" timestamp="2024-01-20T00:01:19 IST" skipped="0">
  <testcase classname="com.dktech.GoogleTitleTest" name="googleTitleTest" time="9.325"/>
</testsuite> <!-- com.dktech.GoogleTitleTest -->
