<?xml version="1.0" encoding="UTF-8"?>
<!-- Generated by org.testng.reporters.JUnitReportReporter -->
<testsuite hostname="Oviya" failures="0" tests="1" name="com.dropdown.SimpleDropDown" time="0.374" errors="0" timestamp="2024-01-26T08:11:02 IST" skipped="0">
  <testcase classname="com.dropdown.SimpleDropDown" name="selectTest" time="0.374"/>
</testsuite> <!-- com.dropdown.SimpleDropDown -->
