<?xml version="1.0" encoding="UTF-8"?>
<!-- Generated by org.testng.reporters.JUnitReportReporter -->
<testsuite hostname="Oviya" failures="0" tests="7" name="com.excel.FaceBook" time="3.011" errors="0" timestamp="2024-07-27T19:28:51 IST" skipped="0">
  <testcase classname="com.excel.FaceBook" name="test" time="0.006"/>
  <testcase classname="com.excel.FaceBook" name="test" time="0.003"/>
  <testcase classname="com.excel.FaceBook" name="click" time="0.110"/>
  <testcase classname="com.excel.FaceBook" name="test" time="0.002"/>
  <testcase classname="com.excel.FaceBook" name="RegisterTest" time="1.037"/>
  <testcase classname="com.excel.FaceBook" name="RegisterTest" time="0.922"/>
  <testcase classname="com.excel.FaceBook" name="RegisterTest" time="0.931"/>
</testsuite> <!-- com.excel.FaceBook -->
