<?xml version="1.0" encoding="UTF-8"?>
<!-- Generated by org.testng.reporters.JUnitReportReporter -->
<testsuite hostname="Oviya" failures="0" tests="1" name="com.headless.HeadLessTest" time="0.013" errors="0" timestamp="2024-04-21T23:52:49 IST" skipped="0">
  <testcase classname="com.headless.HeadLessTest" name="getTitle" time="0.013"/>
</testsuite> <!-- com.headless.HeadLessTest -->
