<?xml version="1.0" encoding="UTF-8"?>
<!-- Generated by org.testng.reporters.JUnitReportReporter -->
<testsuite hostname="Oviya" failures="0" tests="1" name="com.screenshot.TestScreenShot" time="1.361" errors="0" timestamp="2024-10-24T02:10:23 IST" skipped="0">
  <testcase classname="com.screenshot.TestScreenShot" name="SearchGoogleTest" time="1.361"/>
</testsuite> <!-- com.screenshot.TestScreenShot -->
