<?xml version="1.0" encoding="UTF-8"?>
<!-- Generated by org.testng.reporters.JUnitReportReporter -->
<testsuite hostname="Oviya" failures="0" tests="5" name="com.stream.CapsCharCount" time="0.021" errors="0" timestamp="2024-09-25T12:16:45 IST" skipped="0">
  <testcase classname="com.stream.CapsCharCount" name="getTest" time="0.003"/>
  <testcase classname="com.stream.CapsCharCount" name="getCharCount" time="0.002"/>
  <testcase classname="com.stream.CapsCharCount" name="getChars" time="0.001"/>
  <testcase classname="com.stream.CapsCharCount" name="getCount" time="0.002"/>
  <testcase classname="com.stream.CapsCharCount" name="charCount" time="0.013"/>
</testsuite> <!-- com.stream.CapsCharCount -->
