<?xml version="1.0" encoding="UTF-8"?>
<!-- Generated by org.testng.reporters.JUnitReportReporter -->
<testsuite hostname="Oviya" failures="0" tests="1" name="com.testng.BeforeAnnotationTest" time="0.038" errors="0" timestamp="2024-02-16T01:38:22 IST" skipped="0">
  <testcase classname="com.testng.BeforeAnnotationTest" name="TitleTest" time="0.038"/>
</testsuite> <!-- com.testng.BeforeAnnotationTest -->
