<?xml version="1.0" encoding="UTF-8"?>
<!-- Generated by org.testng.reporters.JUnitReportReporter -->
<testsuite hostname="Oviya" failures="0" tests="1" name="com.webtable.WebTable" time="0.613" errors="0" timestamp="2024-02-05T00:52:11 IST" skipped="0">
  <testcase classname="com.webtable.WebTable" name="tableTest" time="0.613"/>
</testsuite> <!-- com.webtable.WebTable -->
