<?xml version="1.0" encoding="UTF-8"?>
<!-- Generated by org.testng.reporters.JUnitReportReporter -->
<testsuite hostname="Oviya" failures="0" tests="1" name="com.testng.Amazon" time="0.414" errors="0" timestamp="2024-06-08T20:33:23 IST" skipped="0">
  <testcase classname="com.testng.Amazon" name="getAmazonTest" time="0.414"/>
</testsuite> <!-- com.testng.Amazon -->
