<?xml version="1.0" encoding="UTF-8"?>
<!-- Generated by org.testng.reporters.JUnitReportReporter -->
<testsuite hostname="Oviya" failures="0" tests="8" name="com.dktech.SelectDropDown" time="8.198" errors="0" timestamp="2024-01-20T00:01:18 IST" skipped="0">
  <testcase classname="com.dktech.SelectDropDown" name="SelectDropDownTest" time="0.903"/>
  <testcase classname="com.dktech.SelectDropDown" name="PassengerDropDownTest" time="2.012"/>
  <testcase classname="com.dktech.SelectDropDown" name="CheckBoxesTest" time="1.067"/>
  <testcase classname="com.dktech.SelectDropDown" name="dynamicDropDown" time="1.462"/>
  <testcase classname="com.dktech.SelectDropDown" name="autoSuggestiveDropDown" time="0.915"/>
  <testcase classname="com.dktech.SelectDropDown" name="calenderTest" time="0.230"/>
  <testcase classname="com.dktech.SelectDropDown" name="disableCalenderTest" time="0.341"/>
  <testcase classname="com.dktech.SelectDropDown" name="searchTest" time="1.268"/>
</testsuite> <!-- com.dktech.SelectDropDown -->
