<?xml version="1.0" encoding="UTF-8"?>
<!-- Generated by org.testng.reporters.JUnitReportReporter -->
<testsuite hostname="Oviya" failures="0" tests="4" name="com.excel.DataDrivenDemo" time="0.073" errors="0" timestamp="2024-10-15T10:09:27 IST" skipped="0">
  <testcase classname="com.excel.DataDrivenDemo" name="test" time="0.061"/>
  <testcase classname="com.excel.DataDrivenDemo" name="test" time="0.008"/>
  <testcase classname="com.excel.DataDrivenDemo" name="test" time="0.003"/>
  <testcase classname="com.excel.DataDrivenDemo" name="test" time="0.001"/>
</testsuite> <!-- com.excel.DataDrivenDemo -->
