<?xml version="1.0" encoding="UTF-8"?>
<!-- Generated by org.testng.reporters.JUnitReportReporter -->
<testsuite hostname="Oviya" failures="0" tests="2" name="com.parrallel.ParrallelExecution" time="15.630" errors="0" timestamp="2024-03-24T00:08:37 IST" skipped="0">
  <testcase classname="com.parrallel.ParrallelExecution" name="SecondTest" time="7.823"/>
  <testcase classname="com.parrallel.ParrallelExecution" name="firstTest" time="7.807"/>
</testsuite> <!-- com.parrallel.ParrallelExecution -->
