<?xml version="1.0" encoding="UTF-8"?>
<!-- Generated by org.testng.reporters.JUnitReportReporter -->
<testsuite hostname="Oviya" failures="0" tests="1" name="com.webtable.WebTableTest" time="4.178" errors="0" timestamp="2024-04-20T23:38:31 IST" skipped="0">
  <testcase classname="com.webtable.WebTableTest" name="validateTable" time="4.178"/>
</testsuite> <!-- com.webtable.WebTableTest -->
