<?xml version="1.0" encoding="UTF-8"?>
<!-- Generated by org.testng.reporters.JUnitReportReporter -->
<testsuite hostname="Oviya" failures="0" tests="1" name="com.pagination.FilterDemo" time="0.993" errors="0" timestamp="2024-01-20T00:01:18 IST" skipped="0">
  <testcase classname="com.pagination.FilterDemo" name="filterTest" time="0.993"/>
</testsuite> <!-- com.pagination.FilterDemo -->
