<?xml version="1.0" encoding="UTF-8"?>
<!-- Generated by org.testng.reporters.JUnitReportReporter -->
<testsuite hostname="Oviya" failures="0" tests="4" name="com.excel.ExcelDataDTest" time="0.040" errors="0" timestamp="2024-10-20T15:56:55 IST" skipped="0">
  <testcase classname="com.excel.ExcelDataDTest" name="getTest" time="0.017"/>
  <testcase classname="com.excel.ExcelDataDTest" name="getTest" time="0.011"/>
  <testcase classname="com.excel.ExcelDataDTest" name="getTest" time="0.004"/>
  <testcase classname="com.excel.ExcelDataDTest" name="getTest" time="0.008"/>
</testsuite> <!-- com.excel.ExcelDataDTest -->
